<?xml version="1.0" encoding="UTF-8" ?>
<testsuite failures="0" time="2.393" errors="0" skipped="0" tests="2" name="apitest.TestApiLoader">
  <properties>
    <property name="java.runtime.name" value="Java(TM) SE Runtime Environment"/>
    <property name="sun.boot.library.path" value="C:\Program Files (x86)\Java\jdk1.6.0_17\jre\bin"/>
    <property name="java.vm.version" value="14.3-b01"/>
    <property name="java.vm.vendor" value="Sun Microsystems Inc."/>
    <property name="java.vendor.url" value="http://java.sun.com/"/>
    <property name="path.separator" value=";"/>
    <property name="guice.disable.misplaced.annotation.check" value="true"/>
    <property name="java.vm.name" value="Java HotSpot(TM) Client VM"/>
    <property name="file.encoding.pkg" value="sun.io"/>
    <property name="idea.launcher.port" value="7543"/>
    <property name="user.country" value="US"/>
    <property name="sun.java.launcher" value="SUN_STANDARD"/>
    <property name="sun.os.patch.level" value="Service Pack 1"/>
    <property name="java.vm.specification.name" value="Java Virtual Machine Specification"/>
    <property name="user.dir" value="C:\projects\DynamicJUnitTesting"/>
    <property name="java.runtime.version" value="1.6.0_17-b04"/>
    <property name="java.awt.graphicsenv" value="sun.awt.Win32GraphicsEnvironment"/>
    <property name="java.endorsed.dirs" value="C:\Program Files (x86)\Java\jdk1.6.0_17\jre\lib\endorsed"/>
    <property name="os.arch" value="x86"/>
    <property name="java.io.tmpdir" value="C:\Users\Tom\AppData\Local\Temp\"/>
    <property name="line.separator" value="
"/>
    <property name="java.vm.specification.vendor" value="Sun Microsystems Inc."/>
    <property name="user.variant" value=""/>
    <property name="os.name" value="Windows 7"/>
    <property name="classworlds.conf" value="C:\DevSoftware\apache-maven-3.0.4\bin\m2.conf"/>
    <property name="sun.jnu.encoding" value="Cp1252"/>
    <property name="java.library.path" value="C:\Program Files (x86)\Java\jdk1.6.0_17\bin;.;C:\Windows\Sun\Java\bin;C:\Windows\system32;C:\Windows;C:\Program Files (x86)\JetBrains\IntelliJ IDEA 12.0.1\bin\..\.\bin;C:\iedriver;C:\Program Files\Common Files\Microsoft Shared\Windows Live;C:\Program Files (x86)\Common Files\Microsoft Shared\Windows Live;C:\Program Files (x86)\AMD APP\bin\x86_64;C:\Windows\system32;C:\Windows;C:\Windows\System32\Wbem;C:\Windows\System32\WindowsPowerShell\v1.0\;C:\Program Files (x86)\ATI Technologies\ATI.ACE\Core-Static;C:\Program Files (x86)\Windows Live\Shared;C:\Program Files (x86)\Microsoft SQL Server\100\Tools\Binn\;C:\Program Files\Microsoft SQL Server\100\Tools\Binn\;C:\Program Files\Microsoft SQL Server\100\DTS\Binn\;C:\Program Files (x86)\Microsoft SQL Server\100\Tools\Binn\VSShell\Common7\IDE\;C:\Program Files (x86)\Microsoft SQL Server\100\DTS\Binn\;C:\Program Files\TortoiseSVN\bin;C:\Program Files\Java\jdk1.6.0_17\bin;C:\apache-ant-1.8.2\bin; C:\apache-tomcat-5.5.28\bin;C:\Program Files (x86)\GnuWin32\bin;C:\Program Files\groovy-2.1.7\bin;C:\Program Files (x86)\Notepad++;C:\Program Files (x86)\phantomjs-1.9.2-windows;C:\Program Files\nodejs\;C:\Chocolatey\bin;C:\Program Files (x86)\Git\cmd;C:\Program Files (x86)\Git\bin;C:\Program Files\Java\jdk1.6.0_17\bin;C:\Users\Tom\AppData\Roaming\npm;C:\DevSoftware\apache-maven-3.0.4\bin;c:\program files (x86)\jetbrains\intellij idea 12.0.1\jre\jre\bin"/>
    <property name="java.specification.name" value="Java Platform API Specification"/>
    <property name="java.class.version" value="50.0"/>
    <property name="sun.management.compiler" value="HotSpot Client Compiler"/>
    <property name="os.version" value="6.1"/>
    <property name="user.home" value="C:\Users\Tom"/>
    <property name="user.timezone" value="America/New_York"/>
    <property name="java.awt.printerjob" value="sun.awt.windows.WPrinterJob"/>
    <property name="java.specification.version" value="1.6"/>
    <property name="file.encoding" value="UTF-8"/>
    <property name="idea.launcher.bin.path" value="C:\Program Files (x86)\JetBrains\IntelliJ IDEA 12.0.1\bin"/>
    <property name="user.name" value="Tom"/>
    <property name="java.class.path" value="C:\DevSoftware\apache-maven-3.0.4\boot\plexus-classworlds-2.4.jar;C:\Program Files (x86)\JetBrains\IntelliJ IDEA 12.0.1\lib\idea_rt.jar"/>
    <property name="java.vm.specification.version" value="1.0"/>
    <property name="sun.arch.data.model" value="32"/>
    <property name="java.home" value="C:\Program Files (x86)\Java\jdk1.6.0_17\jre"/>
    <property name="java.specification.vendor" value="Sun Microsystems Inc."/>
    <property name="user.language" value="en"/>
    <property name="awt.toolkit" value="sun.awt.windows.WToolkit"/>
    <property name="java.vm.info" value="mixed mode, sharing"/>
    <property name="java.version" value="1.6.0_17"/>
    <property name="java.ext.dirs" value="C:\Program Files (x86)\Java\jdk1.6.0_17\jre\lib\ext;C:\Windows\Sun\Java\lib\ext"/>
    <property name="sun.boot.class.path" value="C:\Program Files (x86)\Java\jdk1.6.0_17\jre\lib\resources.jar;C:\Program Files (x86)\Java\jdk1.6.0_17\jre\lib\rt.jar;C:\Program Files (x86)\Java\jdk1.6.0_17\jre\lib\sunrsasign.jar;C:\Program Files (x86)\Java\jdk1.6.0_17\jre\lib\jsse.jar;C:\Program Files (x86)\Java\jdk1.6.0_17\jre\lib\jce.jar;C:\Program Files (x86)\Java\jdk1.6.0_17\jre\lib\charsets.jar;C:\Program Files (x86)\Java\jdk1.6.0_17\jre\classes"/>
    <property name="java.vendor" value="Sun Microsystems Inc."/>
    <property name="maven.home" value="C:\DevSoftware\apache-maven-3.0.4"/>
    <property name="file.separator" value="\"/>
    <property name="java.vendor.url.bug" value="http://java.sun.com/cgi-bin/bugreport.cgi"/>
    <property name="sun.cpu.endian" value="little"/>
    <property name="sun.io.unicode.encoding" value="UnicodeLittle"/>
    <property name="sun.desktop" value="windows"/>
    <property name="sun.cpu.isalist" value="pentium_pro+mmx pentium_pro pentium+mmx pentium i486 i386 i86"/>
  </properties>
  <testcase time="0.412" classname="getExcelTestData{url=http:\/\/jsonplaceholder.typicode.com\/users\/1\u002C httpverb=GET\u002C expectedResponse={\n\&quot;id\&quot;: 1\u002C\n\&quot;name\&quot;: \&quot;Leanne Graham\&quot;\u002C\n\&quot;username\&quot;: \&quot;Bret\&quot;\u002C\n\&quot;email\&quot;: \&quot;Sincere@april.biz\&quot;\u002C\n\&quot;address\&quot;: {\n\&quot;street\&quot;: \&quot;Kulas Light\&quot;\u002C\n\&quot;suite\&quot;: \&quot;Apt. 556\&quot;\u002C\n\&quot;city\&quot;: \&quot;Gwenborough\&quot;\u002C\n\&quot;zipcode\&quot;: \&quot;92998-3874\&quot;\u002C\n\&quot;geo\&quot;: {\n\&quot;lat\&quot;: \&quot;-37.3159\&quot;\u002C\n\&quot;lng\&quot;: \&quot;81.1496\&quot;\n}\n}\u002C\n\&quot;phone\&quot;: \&quot;1-770-736-8031 x56442\&quot;\u002C\n\&quot;website\&quot;: \&quot;hildegard.org\&quot;\u002C\n\&quot;company\&quot;: {\n\&quot;name\&quot;: \&quot;Romaguera-Crona\&quot;\u002C\n\&quot;catchPhrase\&quot;: \&quot;Multi-layered client-server neural-net\&quot;\u002C\n\&quot;bs\&quot;: \&quot;harness real-time e-markets\&quot;\n}\n}\u002C Duration(ms)=340.0}(apitest.TestApiLoader)" name="getExcelTestData{url=http:\/\/jsonplaceholder.typicode.com\/users\/1\u002C httpverb=GET\u002C expectedResponse={\n\&quot;id\&quot;: 1\u002C\n\&quot;name\&quot;: \&quot;Leanne Graham\&quot;\u002C\n\&quot;username\&quot;: \&quot;Bret\&quot;\u002C\n\&quot;email\&quot;: \&quot;Sincere@april.biz\&quot;\u002C\n\&quot;address\&quot;: {\n\&quot;street\&quot;: \&quot;Kulas Light\&quot;\u002C\n\&quot;suite\&quot;: \&quot;Apt. 556\&quot;\u002C\n\&quot;city\&quot;: \&quot;Gwenborough\&quot;\u002C\n\&quot;zipcode\&quot;: \&quot;92998-3874\&quot;\u002C\n\&quot;geo\&quot;: {\n\&quot;lat\&quot;: \&quot;-37.3159\&quot;\u002C\n\&quot;lng\&quot;: \&quot;81.1496\&quot;\n}\n}\u002C\n\&quot;phone\&quot;: \&quot;1-770-736-8031 x56442\&quot;\u002C\n\&quot;website\&quot;: \&quot;hildegard.org\&quot;\u002C\n\&quot;company\&quot;: {\n\&quot;name\&quot;: \&quot;Romaguera-Crona\&quot;\u002C\n\&quot;catchPhrase\&quot;: \&quot;Multi-layered client-server neural-net\&quot;\u002C\n\&quot;bs\&quot;: \&quot;harness real-time e-markets\&quot;\n}\n}\u002C Duration"/>
  <testcase time="0.414" classname="getExcelTestData{url=http:\/\/jsonplaceholder.typicode.com\/users\/2\u002C httpverb=GET\u002C expectedResponse={\n\&quot;id\&quot;: 2\u002C\n\&quot;name\&quot;: \&quot;Ervin Howell\&quot;\u002C\n\&quot;username\&quot;: \&quot;Antonette\&quot;\u002C\n\&quot;email\&quot;: \&quot;Shanna@melissa.tv\&quot;\u002C\n\&quot;address\&quot;: {\n\&quot;street\&quot;: \&quot;Victor Plains\&quot;\u002C\n\&quot;suite\&quot;: \&quot;Suite 879\&quot;\u002C\n\&quot;city\&quot;: \&quot;Wisokyburgh\&quot;\u002C\n\&quot;zipcode\&quot;: \&quot;90566-7771\&quot;\u002C\n\&quot;geo\&quot;: {\n\&quot;lat\&quot;: \&quot;-43.9509\&quot;\u002C\n\&quot;lng\&quot;: \&quot;-34.4618\&quot;\n}\n}\u002C\n\&quot;phone\&quot;: \&quot;010-692-6593 x09125\&quot;\u002C\n\&quot;website\&quot;: \&quot;anastasia.net\&quot;\u002C\n\&quot;company\&quot;: {\n\&quot;name\&quot;: \&quot;Deckow-Crist\&quot;\u002C\n\&quot;catchPhrase\&quot;: \&quot;Proactive didactic contingency\&quot;\u002C\n\&quot;bs\&quot;: \&quot;synergize scalable supply-chains\&quot;\n}\n}\u002C Duration(ms)=340.0}(apitest.TestApiLoader)" name="getExcelTestData{url=http:\/\/jsonplaceholder.typicode.com\/users\/2\u002C httpverb=GET\u002C expectedResponse={\n\&quot;id\&quot;: 2\u002C\n\&quot;name\&quot;: \&quot;Ervin Howell\&quot;\u002C\n\&quot;username\&quot;: \&quot;Antonette\&quot;\u002C\n\&quot;email\&quot;: \&quot;Shanna@melissa.tv\&quot;\u002C\n\&quot;address\&quot;: {\n\&quot;street\&quot;: \&quot;Victor Plains\&quot;\u002C\n\&quot;suite\&quot;: \&quot;Suite 879\&quot;\u002C\n\&quot;city\&quot;: \&quot;Wisokyburgh\&quot;\u002C\n\&quot;zipcode\&quot;: \&quot;90566-7771\&quot;\u002C\n\&quot;geo\&quot;: {\n\&quot;lat\&quot;: \&quot;-43.9509\&quot;\u002C\n\&quot;lng\&quot;: \&quot;-34.4618\&quot;\n}\n}\u002C\n\&quot;phone\&quot;: \&quot;010-692-6593 x09125\&quot;\u002C\n\&quot;website\&quot;: \&quot;anastasia.net\&quot;\u002C\n\&quot;company\&quot;: {\n\&quot;name\&quot;: \&quot;Deckow-Crist\&quot;\u002C\n\&quot;catchPhrase\&quot;: \&quot;Proactive didactic contingency\&quot;\u002C\n\&quot;bs\&quot;: \&quot;synergize scalable supply-chains\&quot;\n}\n}\u002C Duration"/>
</testsuite>